<?xml version="1.0" encoding="UTF-8"?>
<coverage generated="1375354255">
  <project timestamp="1375354255">
    <package name="Eloquent\Asplode">
      <file name="/home/travis/build/eloquent/asplode/src/Eloquent/Asplode/Asplode.php">
        <class name="Asplode" namespace="Eloquent\Asplode">
          <metrics methods="16" coveredmethods="16" conditionals="0" coveredconditionals="0" statements="58" coveredstatements="58" elements="74" coveredelements="74"/>
        </class>
        <line num="33" type="method" name="assertCompatibleHandler" crap="4" count="2"/>
        <line num="35" type="stmt" count="2"/>
        <line num="36" type="stmt" count="2"/>
        <line num="39" type="stmt" count="2"/>
        <line num="40" type="stmt" count="2"/>
        <line num="42" type="stmt" count="1"/>
        <line num="43" type="stmt" count="1"/>
        <line num="44" type="stmt" count="1"/>
        <line num="45" type="stmt" count="1"/>
        <line num="49" type="stmt" count="1"/>
        <line num="57" type="method" name="currentErrorHandler" crap="2" count="6"/>
        <line num="59" type="stmt" count="6"/>
        <line num="61" type="stmt" count="6"/>
        <line num="62" type="stmt" count="6"/>
        <line num="63" type="stmt" count="2"/>
        <line num="64" type="stmt" count="2"/>
        <line num="66" type="stmt" count="6"/>
        <line num="74" type="method" name="currentErrorHandlerStack" crap="1" count="1"/>
        <line num="76" type="stmt" count="1"/>
        <line num="78" type="stmt" count="1"/>
        <line num="79" type="stmt" count="1"/>
        <line num="81" type="stmt" count="1"/>
        <line num="91" type="method" name="pushErrorHandler" crap="1" count="11"/>
        <line num="95" type="stmt" count="11"/>
        <line num="96" type="stmt" count="11"/>
        <line num="106" type="method" name="popErrorHandler" crap="1" count="12"/>
        <line num="108" type="stmt" count="12"/>
        <line num="110" type="method" name="anonymous function" crap="1" count="12"/>
        <line num="111" type="stmt" count="12"/>
        <line num="112" type="stmt" count="12"/>
        <line num="114" type="stmt" count="12"/>
        <line num="124" type="method" name="removeErrorHandlers" crap="2" count="6"/>
        <line num="126" type="stmt" count="6"/>
        <line num="128" type="stmt" count="6"/>
        <line num="129" type="stmt" count="6"/>
        <line num="130" type="stmt" count="6"/>
        <line num="131" type="stmt" count="6"/>
        <line num="133" type="stmt" count="6"/>
        <line num="142" type="method" name="restoreErrorHandlers" crap="2" count="6"/>
        <line num="146" type="stmt" count="6"/>
        <line num="148" type="stmt" count="6"/>
        <line num="149" type="stmt" count="6"/>
        <line num="150" type="stmt" count="6"/>
        <line num="151" type="stmt" count="6"/>
        <line num="166" type="method" name="unsafe" crap="1" count="1"/>
        <line num="168" type="stmt" count="1"/>
        <line num="170" type="stmt" count="1"/>
        <line num="171" type="stmt" count="1"/>
        <line num="172" type="stmt" count="1"/>
        <line num="174" type="stmt" count="1"/>
        <line num="184" type="method" name="instance" crap="1" count="3"/>
        <line num="186" type="stmt" count="3"/>
        <line num="194" type="method" name="__construct" crap="1" count="19"/>
        <line num="196" type="stmt" count="19"/>
        <line num="197" type="stmt" count="19"/>
        <line num="205" type="method" name="install" crap="2" count="5"/>
        <line num="207" type="stmt" count="5"/>
        <line num="208" type="stmt" count="1"/>
        <line num="211" type="stmt" count="4"/>
        <line num="212" type="stmt" count="4"/>
        <line num="220" type="method" name="uninstall" crap="2" count="2"/>
        <line num="222" type="stmt" count="2"/>
        <line num="223" type="stmt" count="2"/>
        <line num="224" type="stmt" count="1"/>
        <line num="226" type="stmt" count="1"/>
        <line num="228" type="stmt" count="1"/>
        <line num="240" type="method" name="handleError" crap="1" count="3"/>
        <line num="242" type="stmt" count="3"/>
        <line num="255" type="method" name="__invoke" crap="1" count="2"/>
        <line num="257" type="stmt" count="2"/>
        <line num="263" type="method" name="isolator" crap="1" count="7"/>
        <line num="265" type="stmt" count="7"/>
        <metrics loc="269" ncloc="149" classes="1" methods="16" coveredmethods="16" conditionals="0" coveredconditionals="0" statements="57" coveredstatements="57" elements="73" coveredelements="73"/>
      </file>
    </package>
    <package name="Eloquent\Asplode\Exception">
      <file name="/home/travis/build/eloquent/asplode/src/Eloquent/Asplode/Exception/AlreadyInstalledException.php">
        <class name="AlreadyInstalledException" namespace="Eloquent\Asplode\Exception">
          <metrics methods="1" coveredmethods="1" conditionals="0" coveredconditionals="0" statements="4" coveredstatements="4" elements="5" coveredelements="5"/>
        </class>
        <line num="27" type="method" name="__construct" crap="1" count="1"/>
        <line num="29" type="stmt" count="1"/>
        <line num="30" type="stmt" count="1"/>
        <line num="32" type="stmt" count="1"/>
        <line num="33" type="stmt" count="1"/>
        <line num="35" type="stmt" count="0"/>
        <metrics loc="34" ncloc="17" classes="1" methods="1" coveredmethods="1" conditionals="0" coveredconditionals="0" statements="4" coveredstatements="4" elements="5" coveredelements="5"/>
      </file>
      <file name="/home/travis/build/eloquent/asplode/src/Eloquent/Asplode/Exception/ErrorHandlingConfigurationException.php">
        <class name="ErrorHandlingConfigurationException" namespace="Eloquent\Asplode\Exception">
          <metrics methods="1" coveredmethods="1" conditionals="0" coveredconditionals="0" statements="4" coveredstatements="4" elements="5" coveredelements="5"/>
        </class>
        <line num="27" type="method" name="__construct" crap="1" count="1"/>
        <line num="29" type="stmt" count="1"/>
        <line num="30" type="stmt" count="1"/>
        <line num="32" type="stmt" count="1"/>
        <line num="33" type="stmt" count="1"/>
        <line num="35" type="stmt" count="0"/>
        <metrics loc="34" ncloc="17" classes="1" methods="1" coveredmethods="1" conditionals="0" coveredconditionals="0" statements="4" coveredstatements="4" elements="5" coveredelements="5"/>
      </file>
      <file name="/home/travis/build/eloquent/asplode/src/Eloquent/Asplode/Exception/LogicException.php">
        <class name="LogicException" namespace="Eloquent\Asplode\Exception">
          <metrics methods="1" coveredmethods="1" conditionals="0" coveredconditionals="0" statements="2" coveredstatements="2" elements="3" coveredelements="3"/>
        </class>
        <line num="29" type="method" name="__construct" crap="1" count="4"/>
        <line num="31" type="stmt" count="4"/>
        <line num="32" type="stmt" count="4"/>
        <line num="34" type="stmt" count="0"/>
        <metrics loc="33" ncloc="15" classes="1" methods="1" coveredmethods="1" conditionals="0" coveredconditionals="0" statements="2" coveredstatements="2" elements="3" coveredelements="3"/>
      </file>
      <file name="/home/travis/build/eloquent/asplode/src/Eloquent/Asplode/Exception/NotInstalledException.php">
        <class name="NotInstalledException" namespace="Eloquent\Asplode\Exception">
          <metrics methods="1" coveredmethods="1" conditionals="0" coveredconditionals="0" statements="4" coveredstatements="4" elements="5" coveredelements="5"/>
        </class>
        <line num="21" type="method" name="__construct" crap="1" count="1"/>
        <line num="23" type="stmt" count="1"/>
        <line num="24" type="stmt" count="1"/>
        <line num="26" type="stmt" count="1"/>
        <line num="27" type="stmt" count="1"/>
        <line num="29" type="stmt" count="0"/>
        <metrics loc="28" ncloc="17" classes="1" methods="1" coveredmethods="1" conditionals="0" coveredconditionals="0" statements="4" coveredstatements="4" elements="5" coveredelements="5"/>
      </file>
    </package>
    <file name="/home/travis/build/eloquent/asplode/src/Eloquent/Asplode/Exception/Exception.php">
      <line num="20" type="stmt" count="0"/>
      <metrics loc="19" ncloc="8" classes="0" methods="0" coveredmethods="0" conditionals="0" coveredconditionals="0" statements="0" coveredstatements="0" elements="0" coveredelements="0"/>
    </file>
    <metrics files="6" loc="417" ncloc="223" classes="5" methods="20" coveredmethods="20" conditionals="0" coveredconditionals="0" statements="71" coveredstatements="71" elements="91" coveredelements="91"/>
  </project>
</coverage>
