<?xml version="1.0" encoding="UTF-8"?>
<coverage generated="1461028583">
  <project timestamp="1461028583">
    <package name="Eloquent\Asplode">
      <file name="/home/travis/build/eloquent/asplode/src/Asplode.php">
        <class name="Asplode" namespace="Eloquent\Asplode">
          <metrics methods="4" coveredmethods="4" conditionals="0" coveredconditionals="0" statements="17" coveredstatements="17" elements="21" coveredelements="21"/>
        </class>
        <line num="33" type="method" name="install" crap="1" count="6"/>
        <line num="37" type="stmt" count="6"/>
        <line num="39" type="stmt" count="6"/>
        <line num="50" type="method" name="installErrorHandler" crap="1" count="7"/>
        <line num="52" type="stmt" count="7"/>
        <line num="53" type="stmt" count="7"/>
        <line num="55" type="stmt" count="7"/>
        <line num="69" type="method" name="installFatalHandler" crap="1" count="7"/>
        <line num="73" type="stmt" count="7"/>
        <line num="74" type="stmt" count="7"/>
        <line num="76" type="stmt" count="7"/>
        <line num="87" type="method" name="assertCompatibleHandler" crap="4" count="2"/>
        <line num="89" type="stmt" count="2"/>
        <line num="90" type="stmt" count="2"/>
        <line num="93" type="stmt" count="2"/>
        <line num="94" type="stmt" count="2"/>
        <line num="96" type="stmt" count="1"/>
        <line num="97" type="stmt" count="1"/>
        <line num="98" type="stmt" count="1"/>
        <line num="99" type="stmt" count="1"/>
        <line num="103" type="stmt" count="1"/>
        <metrics loc="105" ncloc="57" classes="1" methods="4" coveredmethods="4" conditionals="0" coveredconditionals="0" statements="17" coveredstatements="17" elements="21" coveredelements="21"/>
      </file>
      <file name="/home/travis/build/eloquent/asplode/src/ErrorHandler.php">
        <class name="ErrorHandler" namespace="Eloquent\Asplode">
          <metrics methods="10" coveredmethods="10" conditionals="0" coveredconditionals="0" statements="32" coveredstatements="32" elements="42" coveredelements="42"/>
        </class>
        <line num="34" type="method" name="__construct" crap="2" count="22"/>
        <line num="38" type="stmt" count="22"/>
        <line num="40" type="stmt" count="22"/>
        <line num="41" type="stmt" count="8"/>
        <line num="44" type="stmt" count="22"/>
        <line num="45" type="stmt" count="22"/>
        <line num="46" type="stmt" count="22"/>
        <line num="53" type="method" name="stack" crap="1" count="2"/>
        <line num="55" type="stmt" count="2"/>
        <line num="67" type="method" name="setFallbackHandler" crap="2" count="22"/>
        <line num="69" type="stmt" count="22"/>
        <line num="70" type="method" name="anonymous function" crap="1" count="22"/>
        <line num="71" type="stmt" count="2"/>
        <line num="72" type="stmt" count="22"/>
        <line num="75" type="stmt" count="22"/>
        <line num="76" type="stmt" count="22"/>
        <line num="84" type="method" name="fallbackHandler" crap="1" count="7"/>
        <line num="86" type="stmt" count="7"/>
        <line num="95" type="method" name="install" crap="3" count="10"/>
        <line num="97" type="stmt" count="10"/>
        <line num="98" type="stmt" count="1"/>
        <line num="101" type="stmt" count="9"/>
        <line num="102" type="stmt" count="1"/>
        <line num="105" type="stmt" count="8"/>
        <line num="106" type="stmt" count="8"/>
        <line num="113" type="method" name="uninstall" crap="3" count="3"/>
        <line num="115" type="stmt" count="3"/>
        <line num="117" type="stmt" count="3"/>
        <line num="118" type="stmt" count="2"/>
        <line num="119" type="stmt" count="1"/>
        <line num="122" type="stmt" count="2"/>
        <line num="124" type="stmt" count="1"/>
        <line num="131" type="method" name="isInstalled" crap="1" count="10"/>
        <line num="133" type="stmt" count="10"/>
        <line num="147" type="method" name="handle" crap="4" count="9"/>
        <line num="150" type="stmt" count="9"/>
        <line num="151" type="stmt" count="7"/>
        <line num="152" type="stmt" count="6"/>
        <line num="153" type="stmt" count="6"/>
        <line num="154" type="stmt" count="5"/>
        <line num="156" type="stmt" count="5"/>
        <line num="159" type="stmt" count="4"/>
        <line num="173" type="method" name="__invoke" crap="1" count="5"/>
        <line num="175" type="stmt" count="5"/>
        <metrics loc="181" ncloc="106" classes="1" methods="10" coveredmethods="10" conditionals="0" coveredconditionals="0" statements="34" coveredstatements="34" elements="44" coveredelements="44"/>
      </file>
      <file name="/home/travis/build/eloquent/asplode/src/FatalErrorHandler.php">
        <class name="FatalErrorHandler" namespace="Eloquent\Asplode">
          <metrics methods="7" coveredmethods="7" conditionals="0" coveredconditionals="0" statements="44" coveredstatements="44" elements="51" coveredelements="51"/>
        </class>
        <line num="32" type="method" name="__construct" crap="2" count="17"/>
        <line num="36" type="stmt" count="17"/>
        <line num="38" type="stmt" count="17"/>
        <line num="39" type="stmt" count="8"/>
        <line num="42" type="stmt" count="17"/>
        <line num="43" type="stmt" count="17"/>
        <line num="44" type="stmt" count="17"/>
        <line num="45" type="stmt" count="17"/>
        <line num="52" type="method" name="stack" crap="1" count="2"/>
        <line num="54" type="stmt" count="2"/>
        <line num="64" type="method" name="install" crap="3" count="14"/>
        <line num="66" type="stmt" count="14"/>
        <line num="67" type="stmt" count="1"/>
        <line num="70" type="stmt" count="14"/>
        <line num="71" type="stmt" count="14"/>
        <line num="72" type="stmt" count="14"/>
        <line num="73" type="stmt" count="14"/>
        <line num="74" type="stmt" count="14"/>
        <line num="75" type="stmt" count="14"/>
        <line num="76" type="stmt" count="14"/>
        <line num="79" type="stmt" count="14"/>
        <line num="80" type="stmt" count="14"/>
        <line num="87" type="method" name="uninstall" crap="2" count="3"/>
        <line num="89" type="stmt" count="3"/>
        <line num="90" type="stmt" count="1"/>
        <line num="93" type="stmt" count="2"/>
        <line num="94" type="stmt" count="2"/>
        <line num="101" type="method" name="isInstalled" crap="2" count="2"/>
        <line num="103" type="stmt" count="2"/>
        <line num="114" type="method" name="handle" crap="4" count="4"/>
        <line num="116" type="stmt" count="4"/>
        <line num="117" type="stmt" count="1"/>
        <line num="120" type="stmt" count="3"/>
        <line num="121" type="stmt" count="3"/>
        <line num="123" type="stmt" count="3"/>
        <line num="124" type="stmt" count="1"/>
        <line num="127" type="stmt" count="2"/>
        <line num="129" type="stmt" count="2"/>
        <line num="130" type="stmt" count="1"/>
        <line num="133" type="stmt" count="1"/>
        <line num="134" type="stmt" count="1"/>
        <line num="135" type="stmt" count="1"/>
        <line num="136" type="stmt" count="1"/>
        <line num="137" type="stmt" count="1"/>
        <line num="138" type="stmt" count="1"/>
        <line num="139" type="stmt" count="1"/>
        <line num="140" type="stmt" count="1"/>
        <line num="141" type="stmt" count="1"/>
        <line num="151" type="method" name="__invoke" crap="1" count="4"/>
        <line num="153" type="stmt" count="4"/>
        <line num="154" type="stmt" count="4"/>
        <metrics loc="161" ncloc="106" classes="1" methods="7" coveredmethods="7" conditionals="0" coveredconditionals="0" statements="44" coveredstatements="44" elements="51" coveredelements="51"/>
      </file>
    </package>
    <package name="Eloquent\Asplode\Error">
      <file name="/home/travis/build/eloquent/asplode/src/Error/AbstractErrorException.php">
        <class name="AbstractErrorException" namespace="Eloquent\Asplode\Error">
          <metrics methods="1" coveredmethods="1" conditionals="0" coveredconditionals="0" statements="25" coveredstatements="25" elements="26" coveredelements="26"/>
        </class>
        <line num="33" type="method" name="__construct" crap="4" count="7"/>
        <line num="40" type="stmt" count="7"/>
        <line num="41" type="stmt" count="7"/>
        <line num="42" type="stmt" count="7"/>
        <line num="43" type="stmt" count="7"/>
        <line num="44" type="stmt" count="7"/>
        <line num="45" type="stmt" count="7"/>
        <line num="47" type="stmt" count="7"/>
        <line num="49" type="stmt" count="7"/>
        <line num="51" type="stmt" count="7"/>
        <line num="52" type="stmt" count="7"/>
        <line num="53" type="stmt" count="7"/>
        <line num="54" type="stmt" count="7"/>
        <line num="55" type="stmt" count="7"/>
        <line num="56" type="stmt" count="7"/>
        <line num="58" type="stmt" count="7"/>
        <line num="59" type="stmt" count="7"/>
        <line num="61" type="stmt" count="7"/>
        <line num="63" type="stmt" count="7"/>
        <line num="65" type="stmt" count="7"/>
        <line num="66" type="stmt" count="7"/>
        <line num="67" type="stmt" count="7"/>
        <line num="68" type="stmt" count="7"/>
        <line num="70" type="stmt" count="7"/>
        <line num="72" type="stmt" count="7"/>
        <line num="73" type="stmt" count="7"/>
        <metrics loc="74" ncloc="53" classes="1" methods="1" coveredmethods="1" conditionals="0" coveredconditionals="0" statements="25" coveredstatements="25" elements="26" coveredelements="26"/>
      </file>
      <file name="/home/travis/build/eloquent/asplode/src/Error/ErrorException.php">
        <class name="ErrorException" namespace="Eloquent\Asplode\Error">
          <metrics methods="0" coveredmethods="0" conditionals="0" coveredconditionals="0" statements="0" coveredstatements="0" elements="0" coveredelements="0"/>
        </class>
        <metrics loc="21" ncloc="9" classes="1" methods="0" coveredmethods="0" conditionals="0" coveredconditionals="0" statements="0" coveredstatements="0" elements="0" coveredelements="0"/>
      </file>
      <file name="/home/travis/build/eloquent/asplode/src/Error/FatalErrorException.php">
        <class name="FatalErrorException" namespace="Eloquent\Asplode\Error">
          <metrics methods="0" coveredmethods="0" conditionals="0" coveredconditionals="0" statements="0" coveredstatements="0" elements="0" coveredelements="0"/>
        </class>
        <metrics loc="21" ncloc="9" classes="1" methods="0" coveredmethods="0" conditionals="0" coveredconditionals="0" statements="0" coveredstatements="0" elements="0" coveredelements="0"/>
      </file>
    </package>
    <package name="Eloquent\Asplode\Exception">
      <file name="/home/travis/build/eloquent/asplode/src/Exception/AlreadyInstalledException.php">
        <class name="AlreadyInstalledException" namespace="Eloquent\Asplode\Exception">
          <metrics methods="1" coveredmethods="1" conditionals="0" coveredconditionals="0" statements="5" coveredstatements="5" elements="6" coveredelements="6"/>
        </class>
        <line num="27" type="method" name="__construct" crap="1" count="3"/>
        <line num="29" type="stmt" count="3"/>
        <line num="30" type="stmt" count="3"/>
        <line num="31" type="stmt" count="3"/>
        <line num="33" type="stmt" count="3"/>
        <line num="34" type="stmt" count="3"/>
        <metrics loc="35" ncloc="19" classes="1" methods="1" coveredmethods="1" conditionals="0" coveredconditionals="0" statements="5" coveredstatements="5" elements="6" coveredelements="6"/>
      </file>
      <file name="/home/travis/build/eloquent/asplode/src/Exception/ErrorHandlingConfigurationException.php">
        <class name="ErrorHandlingConfigurationException" namespace="Eloquent\Asplode\Exception">
          <metrics methods="1" coveredmethods="1" conditionals="0" coveredconditionals="0" statements="5" coveredstatements="5" elements="6" coveredelements="6"/>
        </class>
        <line num="27" type="method" name="__construct" crap="1" count="3"/>
        <line num="29" type="stmt" count="3"/>
        <line num="30" type="stmt" count="3"/>
        <line num="31" type="stmt" count="3"/>
        <line num="33" type="stmt" count="3"/>
        <line num="34" type="stmt" count="3"/>
        <metrics loc="35" ncloc="19" classes="1" methods="1" coveredmethods="1" conditionals="0" coveredconditionals="0" statements="5" coveredstatements="5" elements="6" coveredelements="6"/>
      </file>
      <file name="/home/travis/build/eloquent/asplode/src/Exception/NotInstalledException.php">
        <class name="NotInstalledException" namespace="Eloquent\Asplode\Exception">
          <metrics methods="1" coveredmethods="1" conditionals="0" coveredconditionals="0" statements="5" coveredstatements="5" elements="6" coveredelements="6"/>
        </class>
        <line num="27" type="method" name="__construct" crap="1" count="4"/>
        <line num="29" type="stmt" count="4"/>
        <line num="30" type="stmt" count="4"/>
        <line num="31" type="stmt" count="4"/>
        <line num="33" type="stmt" count="4"/>
        <line num="34" type="stmt" count="4"/>
        <metrics loc="35" ncloc="19" classes="1" methods="1" coveredmethods="1" conditionals="0" coveredconditionals="0" statements="5" coveredstatements="5" elements="6" coveredelements="6"/>
      </file>
    </package>
    <package name="Eloquent\Asplode\HandlerStack">
      <file name="/home/travis/build/eloquent/asplode/src/HandlerStack/AbstractHandlerStack.php">
        <class name="AbstractHandlerStack" namespace="Eloquent\Asplode\HandlerStack">
          <metrics methods="7" coveredmethods="7" conditionals="0" coveredconditionals="0" statements="28" coveredstatements="28" elements="35" coveredelements="35"/>
        </class>
        <line num="27" type="method" name="__construct" crap="1" count="40"/>
        <line num="29" type="stmt" count="40"/>
        <line num="30" type="stmt" count="40"/>
        <line num="37" type="method" name="handler" crap="2" count="11"/>
        <line num="39" type="stmt" count="11"/>
        <line num="41" type="stmt" count="11"/>
        <line num="42" type="stmt" count="2"/>
        <line num="45" type="stmt" count="11"/>
        <line num="53" type="method" name="handlerStack" crap="1" count="4"/>
        <line num="55" type="stmt" count="4"/>
        <line num="57" type="stmt" count="4"/>
        <line num="65" type="method" name="pushAll" crap="1" count="23"/>
        <line num="67" type="stmt" count="23"/>
        <line num="68" type="stmt" count="23"/>
        <line num="75" type="method" name="clear" crap="2" count="25"/>
        <line num="77" type="stmt" count="25"/>
        <line num="79" type="stmt" count="25"/>
        <line num="80" type="stmt" count="19"/>
        <line num="81" type="stmt" count="19"/>
        <line num="83" type="stmt" count="25"/>
        <line num="91" type="method" name="restore" crap="1" count="17"/>
        <line num="93" type="stmt" count="17"/>
        <line num="94" type="stmt" count="17"/>
        <line num="95" type="stmt" count="17"/>
        <line num="110" type="method" name="executeWith" crap="4" count="8"/>
        <line num="112" type="stmt" count="8"/>
        <line num="114" type="stmt" count="8"/>
        <line num="115" type="stmt" count="4"/>
        <line num="118" type="stmt" count="8"/>
        <line num="121" type="stmt" count="8"/>
        <line num="122" type="stmt" count="8"/>
        <line num="126" type="stmt" count="8"/>
        <line num="128" type="stmt" count="8"/>
        <line num="129" type="stmt" count="2"/>
        <line num="132" type="stmt" count="6"/>
        <metrics loc="136" ncloc="80" classes="1" methods="7" coveredmethods="7" conditionals="0" coveredconditionals="0" statements="28" coveredstatements="28" elements="35" coveredelements="35"/>
      </file>
      <file name="/home/travis/build/eloquent/asplode/src/HandlerStack/ErrorHandlerStack.php">
        <class name="ErrorHandlerStack" namespace="Eloquent\Asplode\HandlerStack">
          <metrics methods="1" coveredmethods="1" conditionals="0" coveredconditionals="0" statements="2" coveredstatements="2" elements="3" coveredelements="3"/>
        </class>
        <line num="26" type="method" name="push" crap="1" count="18"/>
        <line num="28" type="stmt" count="18"/>
        <line num="29" type="stmt" count="18"/>
        <line num="40" type="stmt" count="21"/>
        <line num="41" type="stmt" count="15"/>
        <line num="44" type="stmt" count="21"/>
        <line num="46" type="stmt" count="21"/>
        <metrics loc="48" ncloc="27" classes="1" methods="1" coveredmethods="1" conditionals="0" coveredconditionals="0" statements="6" coveredstatements="6" elements="7" coveredelements="7"/>
      </file>
      <file name="/home/travis/build/eloquent/asplode/src/HandlerStack/ExceptionHandlerStack.php">
        <class name="ExceptionHandlerStack" namespace="Eloquent\Asplode\HandlerStack">
          <metrics methods="1" coveredmethods="1" conditionals="0" coveredconditionals="0" statements="2" coveredstatements="2" elements="3" coveredelements="3"/>
        </class>
        <line num="26" type="method" name="push" crap="1" count="9"/>
        <line num="28" type="stmt" count="9"/>
        <line num="29" type="stmt" count="9"/>
        <line num="39" type="stmt" count="19"/>
        <line num="40" type="stmt" count="8"/>
        <line num="43" type="stmt" count="19"/>
        <line num="45" type="stmt" count="19"/>
        <metrics loc="47" ncloc="26" classes="1" methods="1" coveredmethods="1" conditionals="0" coveredconditionals="0" statements="6" coveredstatements="6" elements="7" coveredelements="7"/>
      </file>
    </package>
    <metrics files="12" loc="899" ncloc="530" classes="12" methods="34" coveredmethods="34" conditionals="0" coveredconditionals="0" statements="175" coveredstatements="175" elements="209" coveredelements="209"/>
  </project>
</coverage>
