<?xml version="1.0" encoding="UTF-8"?>
<testsuites>
  <testsuite name="" tests="69" assertions="227" failures="0" errors="0" time="5.895526">
    <testsuite name="Eloquent\Asplode\AsplodeTest" file="/home/travis/build/eloquent/asplode/test/suite/AsplodeTest.php" tests="5" assertions="8" failures="0" errors="0" time="1.575492">
      <testcase name="testInstall" class="Eloquent\Asplode\AsplodeTest" file="/home/travis/build/eloquent/asplode/test/suite/AsplodeTest.php" line="26" assertions="2" time="1.450627"/>
      <testcase name="testInstallErrorHandler" class="Eloquent\Asplode\AsplodeTest" file="/home/travis/build/eloquent/asplode/test/suite/AsplodeTest.php" line="34" assertions="2" time="0.037586"/>
      <testcase name="testInstallFatalHandler" class="Eloquent\Asplode\AsplodeTest" file="/home/travis/build/eloquent/asplode/test/suite/AsplodeTest.php" line="42" assertions="2" time="0.038299"/>
      <testcase name="testAssertCompatibleHandler" class="Eloquent\Asplode\AsplodeTest" file="/home/travis/build/eloquent/asplode/test/suite/AsplodeTest.php" line="50" assertions="1" time="0.025981"/>
      <testcase name="testAssertCompatibleHandlerFailure" class="Eloquent\Asplode\AsplodeTest" file="/home/travis/build/eloquent/asplode/test/suite/AsplodeTest.php" line="62" assertions="1" time="0.022999"/>
    </testsuite>
    <testsuite name="Eloquent\Asplode\Error\ErrorExceptionTest" file="/home/travis/build/eloquent/asplode/test/suite/Error/ErrorExceptionTest.php" tests="1" assertions="5" failures="0" errors="0" time="0.012348">
      <testcase name="testException" class="Eloquent\Asplode\Error\ErrorExceptionTest" file="/home/travis/build/eloquent/asplode/test/suite/Error/ErrorExceptionTest.php" line="23" assertions="5" time="0.012348"/>
    </testsuite>
    <testsuite name="Eloquent\Asplode\Error\FatalErrorExceptionTest" file="/home/travis/build/eloquent/asplode/test/suite/Error/FatalErrorExceptionTest.php" tests="1" assertions="5" failures="0" errors="0" time="0.011677">
      <testcase name="testException" class="Eloquent\Asplode\Error\FatalErrorExceptionTest" file="/home/travis/build/eloquent/asplode/test/suite/Error/FatalErrorExceptionTest.php" line="23" assertions="5" time="0.011677"/>
    </testsuite>
    <testsuite name="Eloquent\Asplode\ErrorHandlerTest" file="/home/travis/build/eloquent/asplode/test/suite/ErrorHandlerTest.php" tests="15" assertions="23" failures="0" errors="0" time="0.382900">
      <testcase name="testConstructor" class="Eloquent\Asplode\ErrorHandlerTest" file="/home/travis/build/eloquent/asplode/test/suite/ErrorHandlerTest.php" line="29" assertions="2" time="0.039834"/>
      <testcase name="testConstructorDefaults" class="Eloquent\Asplode\ErrorHandlerTest" file="/home/travis/build/eloquent/asplode/test/suite/ErrorHandlerTest.php" line="39" assertions="1" time="0.018313"/>
      <testcase name="testSetFallbackHandler" class="Eloquent\Asplode\ErrorHandlerTest" file="/home/travis/build/eloquent/asplode/test/suite/ErrorHandlerTest.php" line="46" assertions="1" time="0.018726"/>
      <testcase name="testInstall" class="Eloquent\Asplode\ErrorHandlerTest" file="/home/travis/build/eloquent/asplode/test/suite/ErrorHandlerTest.php" line="55" assertions="1" time="0.036056"/>
      <testcase name="testInstallFailureConfiguration" class="Eloquent\Asplode\ErrorHandlerTest" file="/home/travis/build/eloquent/asplode/test/suite/ErrorHandlerTest.php" line="62" assertions="1" time="0.022415"/>
      <testcase name="testInstallFailureAlreadyInstalled" class="Eloquent\Asplode\ErrorHandlerTest" file="/home/travis/build/eloquent/asplode/test/suite/ErrorHandlerTest.php" line="70" assertions="1" time="0.028518"/>
      <testcase name="testUninstall" class="Eloquent\Asplode\ErrorHandlerTest" file="/home/travis/build/eloquent/asplode/test/suite/ErrorHandlerTest.php" line="78" assertions="1" time="0.026321"/>
      <testcase name="testUninstallFailure" class="Eloquent\Asplode\ErrorHandlerTest" file="/home/travis/build/eloquent/asplode/test/suite/ErrorHandlerTest.php" line="86" assertions="2" time="0.033282"/>
      <testcase name="testUninstallFailureEmptyStack" class="Eloquent\Asplode\ErrorHandlerTest" file="/home/travis/build/eloquent/asplode/test/suite/ErrorHandlerTest.php" line="100" assertions="2" time="0.029325"/>
      <testcase name="testIsInstalled" class="Eloquent\Asplode\ErrorHandlerTest" file="/home/travis/build/eloquent/asplode/test/suite/ErrorHandlerTest.php" line="114" assertions="3" time="0.033577"/>
      <testcase name="testHandle" class="Eloquent\Asplode\ErrorHandlerTest" file="/home/travis/build/eloquent/asplode/test/suite/ErrorHandlerTest.php" line="126" assertions="4" time="0.022038"/>
      <testcase name="testHandleFallbackDefault" class="Eloquent\Asplode\ErrorHandlerTest" file="/home/travis/build/eloquent/asplode/test/suite/ErrorHandlerTest.php" line="144" assertions="1" time="0.017117"/>
      <testcase name="testHandleDeprecated" class="Eloquent\Asplode\ErrorHandlerTest" file="/home/travis/build/eloquent/asplode/test/suite/ErrorHandlerTest.php" line="151" assertions="1" time="0.017120"/>
      <testcase name="testHandleUserDeprecated" class="Eloquent\Asplode\ErrorHandlerTest" file="/home/travis/build/eloquent/asplode/test/suite/ErrorHandlerTest.php" line="163" assertions="1" time="0.017558"/>
      <testcase name="testHandleAtSuppression" class="Eloquent\Asplode\ErrorHandlerTest" file="/home/travis/build/eloquent/asplode/test/suite/ErrorHandlerTest.php" line="175" assertions="1" time="0.022700"/>
    </testsuite>
    <testsuite name="Eloquent\Asplode\Exception\AlreadyInstalledExceptionTest" file="/home/travis/build/eloquent/asplode/test/suite/Exception/AlreadyInstalledExceptionTest.php" tests="1" assertions="3" failures="0" errors="0" time="0.008214">
      <testcase name="testException" class="Eloquent\Asplode\Exception\AlreadyInstalledExceptionTest" file="/home/travis/build/eloquent/asplode/test/suite/Exception/AlreadyInstalledExceptionTest.php" line="19" assertions="3" time="0.008214"/>
    </testsuite>
    <testsuite name="Eloquent\Asplode\Exception\ErrorHandlingConfigurationExceptionTest" file="/home/travis/build/eloquent/asplode/test/suite/Exception/ErrorHandlingConfigurationExceptionTest.php" tests="1" assertions="3" failures="0" errors="0" time="0.010704">
      <testcase name="testException" class="Eloquent\Asplode\Exception\ErrorHandlingConfigurationExceptionTest" file="/home/travis/build/eloquent/asplode/test/suite/Exception/ErrorHandlingConfigurationExceptionTest.php" line="19" assertions="3" time="0.010704"/>
    </testsuite>
    <testsuite name="Eloquent\Asplode\Exception\NotInstalledExceptionTest" file="/home/travis/build/eloquent/asplode/test/suite/Exception/NotInstalledExceptionTest.php" tests="1" assertions="3" failures="0" errors="0" time="0.009873">
      <testcase name="testException" class="Eloquent\Asplode\Exception\NotInstalledExceptionTest" file="/home/travis/build/eloquent/asplode/test/suite/Exception/NotInstalledExceptionTest.php" line="19" assertions="3" time="0.009873"/>
    </testsuite>
    <testsuite name="Eloquent\Asplode\FatalErrorHandlerTest" file="/home/travis/build/eloquent/asplode/test/suite/FatalErrorHandlerTest.php" tests="10" assertions="33" failures="0" errors="0" time="1.165543">
      <testcase name="testConstructor" class="Eloquent\Asplode\FatalErrorHandlerTest" file="/home/travis/build/eloquent/asplode/test/suite/FatalErrorHandlerTest.php" line="37" assertions="1" time="0.063219"/>
      <testcase name="testConstructorDefaults" class="Eloquent\Asplode\FatalErrorHandlerTest" file="/home/travis/build/eloquent/asplode/test/suite/FatalErrorHandlerTest.php" line="46" assertions="1" time="0.035486"/>
      <testcase name="testInstall" class="Eloquent\Asplode\FatalErrorHandlerTest" file="/home/travis/build/eloquent/asplode/test/suite/FatalErrorHandlerTest.php" line="53" assertions="8" time="0.169348"/>
      <testcase name="testInstallFailureAlreadyInstalled" class="Eloquent\Asplode\FatalErrorHandlerTest" file="/home/travis/build/eloquent/asplode/test/suite/FatalErrorHandlerTest.php" line="68" assertions="1" time="0.116554"/>
      <testcase name="testUninstall" class="Eloquent\Asplode\FatalErrorHandlerTest" file="/home/travis/build/eloquent/asplode/test/suite/FatalErrorHandlerTest.php" line="76" assertions="1" time="0.131871"/>
      <testcase name="testUninstallFailure" class="Eloquent\Asplode\FatalErrorHandlerTest" file="/home/travis/build/eloquent/asplode/test/suite/FatalErrorHandlerTest.php" line="84" assertions="1" time="0.046984"/>
      <testcase name="testHandleDisabled" class="Eloquent\Asplode\FatalErrorHandlerTest" file="/home/travis/build/eloquent/asplode/test/suite/FatalErrorHandlerTest.php" line="90" assertions="1" time="0.139277"/>
      <testcase name="testHandleNoError" class="Eloquent\Asplode\FatalErrorHandlerTest" file="/home/travis/build/eloquent/asplode/test/suite/FatalErrorHandlerTest.php" line="100" assertions="1" time="0.129546"/>
      <testcase name="testHandleFatal" class="Eloquent\Asplode\FatalErrorHandlerTest" file="/home/travis/build/eloquent/asplode/test/suite/FatalErrorHandlerTest.php" line="109" assertions="9" time="0.167445"/>
      <testcase name="testHandleFatalNoHandler" class="Eloquent\Asplode\FatalErrorHandlerTest" file="/home/travis/build/eloquent/asplode/test/suite/FatalErrorHandlerTest.php" line="137" assertions="9" time="0.165813"/>
    </testsuite>
    <testsuite name="FunctionalTest" file="/home/travis/build/eloquent/asplode/test/suite/FunctionalTest.php" tests="6" assertions="8" failures="0" errors="0" time="1.108622">
      <testcase name="testOneLineInstallation" class="FunctionalTest" file="/home/travis/build/eloquent/asplode/test/suite/FunctionalTest.php" line="37" assertions="1" time="0.011030"/>
      <testcase name="testHandling" class="FunctionalTest" file="/home/travis/build/eloquent/asplode/test/suite/FunctionalTest.php" line="50" assertions="1" time="0.012139"/>
      <testcase name="testHandlingRecoverableFatal" class="FunctionalTest" file="/home/travis/build/eloquent/asplode/test/suite/FunctionalTest.php" line="66" assertions="1" time="0.012123"/>
      <testcase name="testAtSuppressionHandling" class="FunctionalTest" file="/home/travis/build/eloquent/asplode/test/suite/FunctionalTest.php" line="85" assertions="1" time="0.011991"/>
      <testcase name="testFatalHandlingUndefinedFunction" class="FunctionalTest" file="/home/travis/build/eloquent/asplode/test/suite/FunctionalTest.php" line="101" assertions="2" time="0.075570"/>
      <testcase name="testFatalHandlingOutOfMemory" class="FunctionalTest" file="/home/travis/build/eloquent/asplode/test/suite/FunctionalTest.php" line="126" assertions="2" time="0.985769"/>
    </testsuite>
    <testsuite name="Eloquent\Asplode\HandlerStack\ErrorHandlerStackTest" file="/home/travis/build/eloquent/asplode/test/suite/HandlerStack/ErrorHandlerStackTest.php" tests="14" assertions="68" failures="0" errors="0" time="0.781551">
      <testcase name="testHandler" class="Eloquent\Asplode\HandlerStack\ErrorHandlerStackTest" file="/home/travis/build/eloquent/asplode/test/suite/HandlerStack/ErrorHandlerStackTest.php" line="31" assertions="5" time="0.041674"/>
      <testcase name="testHandlerEmptyStack" class="Eloquent\Asplode\HandlerStack\ErrorHandlerStackTest" file="/home/travis/build/eloquent/asplode/test/suite/HandlerStack/ErrorHandlerStackTest.php" line="45" assertions="5" time="0.040706"/>
      <testcase name="testHandlerStack" class="Eloquent\Asplode\HandlerStack\ErrorHandlerStackTest" file="/home/travis/build/eloquent/asplode/test/suite/HandlerStack/ErrorHandlerStackTest.php" line="57" assertions="6" time="0.079137"/>
      <testcase name="testHandlerStackEmptyStack" class="Eloquent\Asplode\HandlerStack\ErrorHandlerStackTest" file="/home/travis/build/eloquent/asplode/test/suite/HandlerStack/ErrorHandlerStackTest.php" line="82" assertions="4" time="0.032157"/>
      <testcase name="testPush" class="Eloquent\Asplode\HandlerStack\ErrorHandlerStackTest" file="/home/travis/build/eloquent/asplode/test/suite/HandlerStack/ErrorHandlerStackTest.php" line="95" assertions="2" time="0.023222"/>
      <testcase name="testPop" class="Eloquent\Asplode\HandlerStack\ErrorHandlerStackTest" file="/home/travis/build/eloquent/asplode/test/suite/HandlerStack/ErrorHandlerStackTest.php" line="103" assertions="1" time="0.026457"/>
      <testcase name="testPushAll" class="Eloquent\Asplode\HandlerStack\ErrorHandlerStackTest" file="/home/travis/build/eloquent/asplode/test/suite/HandlerStack/ErrorHandlerStackTest.php" line="112" assertions="4" time="0.030862"/>
      <testcase name="testClear" class="Eloquent\Asplode\HandlerStack\ErrorHandlerStackTest" file="/home/travis/build/eloquent/asplode/test/suite/HandlerStack/ErrorHandlerStackTest.php" line="123" assertions="4" time="0.057230"/>
      <testcase name="testClearEmptyStack" class="Eloquent\Asplode\HandlerStack\ErrorHandlerStackTest" file="/home/travis/build/eloquent/asplode/test/suite/HandlerStack/ErrorHandlerStackTest.php" line="146" assertions="4" time="0.030394"/>
      <testcase name="testRestore" class="Eloquent\Asplode\HandlerStack\ErrorHandlerStackTest" file="/home/travis/build/eloquent/asplode/test/suite/HandlerStack/ErrorHandlerStackTest.php" line="159" assertions="5" time="0.058278"/>
      <testcase name="testExecuteWith" class="Eloquent\Asplode\HandlerStack\ErrorHandlerStackTest" file="/home/travis/build/eloquent/asplode/test/suite/HandlerStack/ErrorHandlerStackTest.php" line="180" assertions="8" time="0.107353"/>
      <testcase name="testExecuteWithEmptyStack" class="Eloquent\Asplode\HandlerStack\ErrorHandlerStackTest" file="/home/travis/build/eloquent/asplode/test/suite/HandlerStack/ErrorHandlerStackTest.php" line="217" assertions="6" time="0.060740"/>
      <testcase name="testExecuteWithNoHandler" class="Eloquent\Asplode\HandlerStack\ErrorHandlerStackTest" file="/home/travis/build/eloquent/asplode/test/suite/HandlerStack/ErrorHandlerStackTest.php" line="244" assertions="7" time="0.095943"/>
      <testcase name="testExecuteWithException" class="Eloquent\Asplode\HandlerStack\ErrorHandlerStackTest" file="/home/travis/build/eloquent/asplode/test/suite/HandlerStack/ErrorHandlerStackTest.php" line="278" assertions="7" time="0.097398"/>
    </testsuite>
    <testsuite name="Eloquent\Asplode\HandlerStack\ExceptionHandlerStackTest" file="/home/travis/build/eloquent/asplode/test/suite/HandlerStack/ExceptionHandlerStackTest.php" tests="14" assertions="68" failures="0" errors="0" time="0.828601">
      <testcase name="testHandler" class="Eloquent\Asplode\HandlerStack\ExceptionHandlerStackTest" file="/home/travis/build/eloquent/asplode/test/suite/HandlerStack/ExceptionHandlerStackTest.php" line="31" assertions="5" time="0.041239"/>
      <testcase name="testHandlerEmptyStack" class="Eloquent\Asplode\HandlerStack\ExceptionHandlerStackTest" file="/home/travis/build/eloquent/asplode/test/suite/HandlerStack/ExceptionHandlerStackTest.php" line="45" assertions="5" time="0.033339"/>
      <testcase name="testHandlerStack" class="Eloquent\Asplode\HandlerStack\ExceptionHandlerStackTest" file="/home/travis/build/eloquent/asplode/test/suite/HandlerStack/ExceptionHandlerStackTest.php" line="57" assertions="6" time="0.073049"/>
      <testcase name="testHandlerStackEmptyStack" class="Eloquent\Asplode\HandlerStack\ExceptionHandlerStackTest" file="/home/travis/build/eloquent/asplode/test/suite/HandlerStack/ExceptionHandlerStackTest.php" line="82" assertions="4" time="0.030961"/>
      <testcase name="testPush" class="Eloquent\Asplode\HandlerStack\ExceptionHandlerStackTest" file="/home/travis/build/eloquent/asplode/test/suite/HandlerStack/ExceptionHandlerStackTest.php" line="95" assertions="2" time="0.023194"/>
      <testcase name="testPop" class="Eloquent\Asplode\HandlerStack\ExceptionHandlerStackTest" file="/home/travis/build/eloquent/asplode/test/suite/HandlerStack/ExceptionHandlerStackTest.php" line="103" assertions="1" time="0.026779"/>
      <testcase name="testPushAll" class="Eloquent\Asplode\HandlerStack\ExceptionHandlerStackTest" file="/home/travis/build/eloquent/asplode/test/suite/HandlerStack/ExceptionHandlerStackTest.php" line="112" assertions="4" time="0.030897"/>
      <testcase name="testClear" class="Eloquent\Asplode\HandlerStack\ExceptionHandlerStackTest" file="/home/travis/build/eloquent/asplode/test/suite/HandlerStack/ExceptionHandlerStackTest.php" line="123" assertions="4" time="0.058386"/>
      <testcase name="testClearEmptyStack" class="Eloquent\Asplode\HandlerStack\ExceptionHandlerStackTest" file="/home/travis/build/eloquent/asplode/test/suite/HandlerStack/ExceptionHandlerStackTest.php" line="146" assertions="4" time="0.030988"/>
      <testcase name="testRestore" class="Eloquent\Asplode\HandlerStack\ExceptionHandlerStackTest" file="/home/travis/build/eloquent/asplode/test/suite/HandlerStack/ExceptionHandlerStackTest.php" line="159" assertions="5" time="0.064063"/>
      <testcase name="testExecuteWith" class="Eloquent\Asplode\HandlerStack\ExceptionHandlerStackTest" file="/home/travis/build/eloquent/asplode/test/suite/HandlerStack/ExceptionHandlerStackTest.php" line="180" assertions="8" time="0.114843"/>
      <testcase name="testExecuteWithEmptyStack" class="Eloquent\Asplode\HandlerStack\ExceptionHandlerStackTest" file="/home/travis/build/eloquent/asplode/test/suite/HandlerStack/ExceptionHandlerStackTest.php" line="217" assertions="6" time="0.073104"/>
      <testcase name="testExecuteWithNoHandler" class="Eloquent\Asplode\HandlerStack\ExceptionHandlerStackTest" file="/home/travis/build/eloquent/asplode/test/suite/HandlerStack/ExceptionHandlerStackTest.php" line="244" assertions="7" time="0.111711"/>
      <testcase name="testExecuteWithException" class="Eloquent\Asplode\HandlerStack\ExceptionHandlerStackTest" file="/home/travis/build/eloquent/asplode/test/suite/HandlerStack/ExceptionHandlerStackTest.php" line="278" assertions="7" time="0.116048"/>
    </testsuite>
  </testsuite>
</testsuites>
