<?xml version="1.0" encoding="UTF-8"?>
<testsuites>
  <testsuite name="" tests="23" assertions="54" failures="0" errors="0" time="0.363941">
    <testsuite name="Eloquent\Asplode\AsplodeTest" file="/home/travis/build/eloquent/asplode/test/suite/Eloquent/Asplode/AsplodeTest.php" namespace="Eloquent\Asplode" fullPackage="Eloquent.Asplode" tests="16" assertions="39" failures="0" errors="0" time="0.326301">
      <testcase name="testAssertCompatibleHandler" class="Eloquent\Asplode\AsplodeTest" file="/home/travis/build/eloquent/asplode/test/suite/Eloquent/Asplode/AsplodeTest.php" line="48" assertions="1" time="0.053847"/>
      <testcase name="testAssertCompatibleHandlerFailure" class="Eloquent\Asplode\AsplodeTest" file="/home/travis/build/eloquent/asplode/test/suite/Eloquent/Asplode/AsplodeTest.php" line="66" assertions="1" time="0.008528"/>
      <testcase name="testCurrentErrorHandler" class="Eloquent\Asplode\AsplodeTest" file="/home/travis/build/eloquent/asplode/test/suite/Eloquent/Asplode/AsplodeTest.php" line="74" assertions="4" time="0.020221"/>
      <testcase name="testCurrentErrorHandlerStack" class="Eloquent\Asplode\AsplodeTest" file="/home/travis/build/eloquent/asplode/test/suite/Eloquent/Asplode/AsplodeTest.php" line="93" assertions="5" time="0.043466"/>
      <testcase name="testPushErrorHandler" class="Eloquent\Asplode\AsplodeTest" file="/home/travis/build/eloquent/asplode/test/suite/Eloquent/Asplode/AsplodeTest.php" line="128" assertions="1" time="0.008200"/>
      <testcase name="testPopErrorHandler" class="Eloquent\Asplode\AsplodeTest" file="/home/travis/build/eloquent/asplode/test/suite/Eloquent/Asplode/AsplodeTest.php" line="135" assertions="3" time="0.013286"/>
      <testcase name="testRemoveErrorHandlers" class="Eloquent\Asplode\AsplodeTest" file="/home/travis/build/eloquent/asplode/test/suite/Eloquent/Asplode/AsplodeTest.php" line="153" assertions="3" time="0.024938"/>
      <testcase name="testRestoreErrorHandlers" class="Eloquent\Asplode\AsplodeTest" file="/home/travis/build/eloquent/asplode/test/suite/Eloquent/Asplode/AsplodeTest.php" line="186" assertions="2" time="0.011590"/>
      <testcase name="testUnsafe" class="Eloquent\Asplode\AsplodeTest" file="/home/travis/build/eloquent/asplode/test/suite/Eloquent/Asplode/AsplodeTest.php" line="196" assertions="6" time="0.047177"/>
      <testcase name="testInstance" class="Eloquent\Asplode\AsplodeTest" file="/home/travis/build/eloquent/asplode/test/suite/Eloquent/Asplode/AsplodeTest.php" line="238" assertions="1" time="0.005422"/>
      <testcase name="testInstall" class="Eloquent\Asplode\AsplodeTest" file="/home/travis/build/eloquent/asplode/test/suite/Eloquent/Asplode/AsplodeTest.php" line="243" assertions="3" time="0.017441"/>
      <testcase name="testInstallFailure" class="Eloquent\Asplode\AsplodeTest" file="/home/travis/build/eloquent/asplode/test/suite/Eloquent/Asplode/AsplodeTest.php" line="261" assertions="1" time="0.009694"/>
      <testcase name="testUninstall" class="Eloquent\Asplode\AsplodeTest" file="/home/travis/build/eloquent/asplode/test/suite/Eloquent/Asplode/AsplodeTest.php" line="274" assertions="2" time="0.013487"/>
      <testcase name="testUninstallFailure" class="Eloquent\Asplode\AsplodeTest" file="/home/travis/build/eloquent/asplode/test/suite/Eloquent/Asplode/AsplodeTest.php" line="293" assertions="4" time="0.030589"/>
      <testcase name="testHandleError" class="Eloquent\Asplode\AsplodeTest" file="/home/travis/build/eloquent/asplode/test/suite/Eloquent/Asplode/AsplodeTest.php" line="319" assertions="1" time="0.009777"/>
      <testcase name="testInvoke" class="Eloquent\Asplode\AsplodeTest" file="/home/travis/build/eloquent/asplode/test/suite/Eloquent/Asplode/AsplodeTest.php" line="334" assertions="1" time="0.008638"/>
    </testsuite>
    <testsuite name="Eloquent\Asplode\Exception\AlreadyInstalledExceptionTest" file="/home/travis/build/eloquent/asplode/test/suite/Eloquent/Asplode/Exception/AlreadyInstalledExceptionTest.php" namespace="Eloquent\Asplode\Exception" fullPackage="Eloquent.Asplode.Exception" tests="1" assertions="3" failures="0" errors="0" time="0.004399">
      <testcase name="testException" class="Eloquent\Asplode\Exception\AlreadyInstalledExceptionTest" file="/home/travis/build/eloquent/asplode/test/suite/Eloquent/Asplode/Exception/AlreadyInstalledExceptionTest.php" line="23" assertions="3" time="0.004399"/>
    </testsuite>
    <testsuite name="Eloquent\Asplode\Exception\ErrorHandlingConfigurationExceptionTest" file="/home/travis/build/eloquent/asplode/test/suite/Eloquent/Asplode/Exception/ErrorHandlingConfigurationExceptionTest.php" namespace="Eloquent\Asplode\Exception" fullPackage="Eloquent.Asplode.Exception" tests="1" assertions="3" failures="0" errors="0" time="0.004413">
      <testcase name="testException" class="Eloquent\Asplode\Exception\ErrorHandlingConfigurationExceptionTest" file="/home/travis/build/eloquent/asplode/test/suite/Eloquent/Asplode/Exception/ErrorHandlingConfigurationExceptionTest.php" line="23" assertions="3" time="0.004413"/>
    </testsuite>
    <testsuite name="Eloquent\Asplode\Exception\LogicExceptionTest" file="/home/travis/build/eloquent/asplode/test/suite/Eloquent/Asplode/Exception/LogicExceptionTest.php" namespace="Eloquent\Asplode\Exception" fullPackage="Eloquent.Asplode.Exception" tests="1" assertions="3" failures="0" errors="0" time="0.006413">
      <testcase name="testException" class="Eloquent\Asplode\Exception\LogicExceptionTest" file="/home/travis/build/eloquent/asplode/test/suite/Eloquent/Asplode/Exception/LogicExceptionTest.php" line="20" assertions="3" time="0.006413"/>
    </testsuite>
    <testsuite name="Eloquent\Asplode\Exception\NotInstalledExceptionTest" file="/home/travis/build/eloquent/asplode/test/suite/Eloquent/Asplode/Exception/NotInstalledExceptionTest.php" namespace="Eloquent\Asplode\Exception" fullPackage="Eloquent.Asplode.Exception" tests="1" assertions="3" failures="0" errors="0" time="0.004433">
      <testcase name="testException" class="Eloquent\Asplode\Exception\NotInstalledExceptionTest" file="/home/travis/build/eloquent/asplode/test/suite/Eloquent/Asplode/Exception/NotInstalledExceptionTest.php" line="23" assertions="3" time="0.004433"/>
    </testsuite>
    <testsuite name="FunctionalTest" file="/home/travis/build/eloquent/asplode/test/suite/Eloquent/Asplode/FunctionalTest.php" tests="3" assertions="3" failures="0" errors="0" time="0.017982">
      <testcase name="testOneLineInstallation" class="FunctionalTest" file="/home/travis/build/eloquent/asplode/test/suite/Eloquent/Asplode/FunctionalTest.php" line="32" assertions="1" time="0.005852"/>
      <testcase name="testOneLineInstallationPhp53" class="FunctionalTest" file="/home/travis/build/eloquent/asplode/test/suite/Eloquent/Asplode/FunctionalTest.php" line="56" assertions="1" time="0.005705"/>
      <testcase name="testAsplodeHandling" class="FunctionalTest" file="/home/travis/build/eloquent/asplode/test/suite/Eloquent/Asplode/FunctionalTest.php" line="73" assertions="1" time="0.006425"/>
    </testsuite>
  </testsuite>
</testsuites>
